npm error code ERESOLVE
npm error ERESOLVE unable to resolve dependency tree
npm error
npm error While resolving: react-canonical@0.1.0
npm error Found: storybook@7.6.20
npm error node_modules/storybook
npm error   dev storybook@"^7.6.10" from the root project
npm error
npm error Could not resolve dependency:
npm error peer storybook@"^8.2.0 || ^8.3.0-0 || ^8.4.0-0 || ^8.5.0-0 || ^8.6.0-0" from @chromatic-com/storybook@3.2.3
npm error node_modules/@chromatic-com/storybook
npm error   dev @chromatic-com/storybook@"3.2.3" from the root project
npm error
npm error Fix the upstream dependency conflict, or retry
npm error this command with --force or --legacy-peer-deps
npm error to accept an incorrect (and potentially broken) dependency resolution.
npm error
npm error
npm error For a full report see:
npm error C:\Users\User\AppData\Local\npm-cache\_logs\2025-01-03T17_19_17_755Z-eresolve-report.txt
npm error A complete log of this run can be found in: C:\Users\User\AppData\Local\npm-cache\_logs\2025-01-03T17_19_17_755Z-debug-0.log
